<?xml version="1.0" encoding="UTF-8"?>
<coverage generated="1676852317955" clover="3.2.0">
  <project timestamp="1676852317956" name="All files">
    <metrics statements="36" coveredstatements="36" conditionals="6" coveredconditionals="6" methods="12" coveredmethods="12" elements="54" coveredelements="54" complexity="0" loc="36" ncloc="36" packages="1" files="1" classes="1"/>
    <file name="sum.js" path="/home/tony/repos/jest-test/sum.js">
      <metrics statements="36" coveredstatements="36" conditionals="6" coveredconditionals="6" methods="12" coveredmethods="12"/>
      <line num="2" count="1" type="stmt"/>
      <line num="6" count="1" type="stmt"/>
      <line num="10" count="1" type="stmt"/>
      <line num="11" count="1" type="stmt"/>
      <line num="12" count="1" type="stmt"/>
      <line num="13" count="5" type="stmt"/>
      <line num="16" count="1" type="stmt"/>
      <line num="19" count="1" type="stmt"/>
      <line num="21" count="1" type="stmt"/>
      <line num="24" count="1" type="stmt"/>
      <line num="27" count="1" type="stmt"/>
      <line num="30" count="1" type="stmt"/>
      <line num="34" count="1" type="stmt"/>
      <line num="37" count="1" type="stmt"/>
      <line num="39" count="1" type="stmt"/>
      <line num="40" count="27" type="stmt"/>
      <line num="41" count="27" type="stmt"/>
      <line num="42" count="27" type="stmt"/>
      <line num="43" count="27" type="stmt"/>
      <line num="45" count="27" type="cond" truecount="2" falsecount="0"/>
      <line num="46" count="4" type="stmt"/>
      <line num="48" count="23" type="stmt"/>
      <line num="49" count="23" type="stmt"/>
      <line num="52" count="1" type="stmt"/>
      <line num="53" count="1" type="stmt"/>
      <line num="57" count="2" type="cond" truecount="2" falsecount="0"/>
      <line num="60" count="1" type="stmt"/>
      <line num="64" count="4" type="stmt"/>
      <line num="65" count="27" type="cond" truecount="2" falsecount="0"/>
      <line num="66" count="21" type="stmt"/>
      <line num="68" count="6" type="stmt"/>
      <line num="72" count="4" type="stmt"/>
      <line num="74" count="4" type="stmt"/>
      <line num="75" count="24" type="stmt"/>
      <line num="78" count="4" type="stmt"/>
      <line num="87" count="1" type="stmt"/>
    </file>
  </project>
</coverage>
