{"/home/tony/repos/jest-test/sum.js": {"path":"/home/tony/repos/jest-test/sum.js","statementMap":{"0":{"start":{"line":2,"column":4},"end":{"line":2,"column":17}},"1":{"start":{"line":6,"column":4},"end":{"line":6,"column":54}},"2":{"start":{"line":10,"column":19},"end":{"line":10,"column":32}},"3":{"start":{"line":11,"column":17},"end":{"line":11,"column":19}},"4":{"start":{"line":12,"column":4},"end":{"line":14,"column":5}},"5":{"start":{"line":12,"column":18},"end":{"line":12,"column":37}},"6":{"start":{"line":13,"column":8},"end":{"line":13,"column":29}},"7":{"start":{"line":16,"column":4},"end":{"line":16,"column":18}},"8":{"start":{"line":19,"column":19},"end":{"line":32,"column":1}},"9":{"start":{"line":21,"column":8},"end":{"line":21,"column":21}},"10":{"start":{"line":24,"column":8},"end":{"line":24,"column":21}},"11":{"start":{"line":27,"column":8},"end":{"line":27,"column":21}},"12":{"start":{"line":30,"column":8},"end":{"line":30,"column":21}},"13":{"start":{"line":34,"column":16},"end":{"line":34,"column":18}},"14":{"start":{"line":37,"column":17},"end":{"line":37,"column":30}},"15":{"start":{"line":39,"column":4},"end":{"line":51,"column":5}},"16":{"start":{"line":39,"column":17},"end":{"line":39,"column":18}},"17":{"start":{"line":40,"column":21},"end":{"line":40,"column":62}},"18":{"start":{"line":41,"column":22},"end":{"line":41,"column":63}},"19":{"start":{"line":42,"column":26},"end":{"line":42,"column":40}},"20":{"start":{"line":43,"column":26},"end":{"line":43,"column":41}},"21":{"start":{"line":45,"column":8},"end":{"line":50,"column":9}},"22":{"start":{"line":46,"column":12},"end":{"line":46,"column":21}},"23":{"start":{"line":48,"column":12},"end":{"line":48,"column":41}},"24":{"start":{"line":49,"column":12},"end":{"line":49,"column":42}},"25":{"start":{"line":52,"column":4},"end":{"line":52,"column":30}},"26":{"start":{"line":53,"column":4},"end":{"line":53,"column":31}},"27":{"start":{"line":57,"column":4},"end":{"line":57,"column":35}},"28":{"start":{"line":60,"column":0},"end":{"line":67,"column":1}}},"fnMap":{"0":{"name":"sum","decl":{"start":{"line":1,"column":9},"end":{"line":1,"column":12}},"loc":{"start":{"line":1,"column":19},"end":{"line":3,"column":1}},"line":1},"1":{"name":"capitalize","decl":{"start":{"line":5,"column":9},"end":{"line":5,"column":19}},"loc":{"start":{"line":5,"column":25},"end":{"line":7,"column":1}},"line":5},"2":{"name":"reverse","decl":{"start":{"line":9,"column":9},"end":{"line":9,"column":16}},"loc":{"start":{"line":9,"column":22},"end":{"line":17,"column":1}},"line":9},"3":{"name":"(anonymous_3)","decl":{"start":{"line":20,"column":9},"end":{"line":20,"column":10}},"loc":{"start":{"line":20,"column":25},"end":{"line":22,"column":5}},"line":20},"4":{"name":"(anonymous_4)","decl":{"start":{"line":23,"column":14},"end":{"line":23,"column":15}},"loc":{"start":{"line":23,"column":29},"end":{"line":25,"column":5}},"line":23},"5":{"name":"(anonymous_5)","decl":{"start":{"line":26,"column":12},"end":{"line":26,"column":13}},"loc":{"start":{"line":26,"column":27},"end":{"line":28,"column":5}},"line":26},"6":{"name":"(anonymous_6)","decl":{"start":{"line":29,"column":14},"end":{"line":29,"column":15}},"loc":{"start":{"line":29,"column":30},"end":{"line":31,"column":5}},"line":29},"7":{"name":"caesarCipher","decl":{"start":{"line":36,"column":9},"end":{"line":36,"column":21}},"loc":{"start":{"line":36,"column":27},"end":{"line":54,"column":1}},"line":36},"8":{"name":"checkCaesar","decl":{"start":{"line":56,"column":9},"end":{"line":56,"column":20}},"loc":{"start":{"line":56,"column":26},"end":{"line":58,"column":1}},"line":56}},"branchMap":{"0":{"loc":{"start":{"line":45,"column":8},"end":{"line":50,"column":9}},"type":"if","locations":[{"start":{"line":45,"column":8},"end":{"line":50,"column":9}},{"start":{"line":47,"column":15},"end":{"line":50,"column":9}}],"line":45},"1":{"loc":{"start":{"line":57,"column":4},"end":{"line":57,"column":34}},"type":"cond-expr","locations":[{"start":{"line":57,"column":23},"end":{"line":57,"column":26}},{"start":{"line":57,"column":29},"end":{"line":57,"column":34}}],"line":57}},"s":{"0":1,"1":1,"2":1,"3":1,"4":1,"5":1,"6":5,"7":1,"8":1,"9":1,"10":1,"11":1,"12":1,"13":1,"14":1,"15":1,"16":1,"17":27,"18":27,"19":27,"20":27,"21":27,"22":4,"23":23,"24":23,"25":1,"26":1,"27":2,"28":1},"f":{"0":1,"1":1,"2":1,"3":1,"4":1,"5":1,"6":1,"7":1,"8":2},"b":{"0":[4,23],"1":[1,1]},"_coverageSchema":"1a1c01bbd47fc00a2c39e90264f33305004495a9","hash":"df5511109df172b81da9039d4d3dd655180f3501"}
}
