TN:
SF:sum.js
FN:1,sum
FN:5,capitalize
FN:9,reverse
FN:20,(anonymous_3)
FN:23,(anonymous_4)
FN:26,(anonymous_5)
FN:29,(anonymous_6)
FN:36,caesarCipher
FN:56,checkCaesar
FNF:9
FNH:9
FNDA:1,sum
FNDA:1,capitalize
FNDA:1,reverse
FNDA:1,(anonymous_3)
FNDA:1,(anonymous_4)
FNDA:1,(anonymous_5)
FNDA:1,(anonymous_6)
FNDA:1,caesarCipher
FNDA:2,checkCaesar
DA:2,1
DA:6,1
DA:10,1
DA:11,1
DA:12,1
DA:13,5
DA:16,1
DA:19,1
DA:21,1
DA:24,1
DA:27,1
DA:30,1
DA:34,1
DA:37,1
DA:39,1
DA:40,27
DA:41,27
DA:42,27
DA:43,27
DA:45,27
DA:46,4
DA:48,23
DA:49,23
DA:52,1
DA:53,1
DA:57,2
DA:60,1
LF:27
LH:27
BRDA:45,0,0,4
BRDA:45,0,1,23
BRDA:57,1,0,1
BRDA:57,1,1,1
BRF:4
BRH:4
end_of_record
